2025-04-01 14:36:02.586  INFO 9648 --- [main] c.example.print.PrintServerApplication   : Starting PrintServerApplication using Java 1.8.0_202 on PC-202502061126 with PID 9648 (C:\Users\Administrator\Desktop\zjcb\printService\target\classes started by Administrator in C:\Users\Administrator\Desktop\zjcb\printService)
2025-04-01 14:36:02.591  INFO 9648 --- [main] c.example.print.PrintServerApplication   : No active profile set, falling back to 1 default profile: "default"
2025-04-01 14:36:03.101  INFO 9648 --- [main] .s.d.r.c.RepositoryConfigurationDelegate : Bootstrapping Spring Data JPA repositories in DEFAULT mode.
2025-04-01 14:36:03.155  INFO 9648 --- [main] .s.d.r.c.RepositoryConfigurationDelegate : Finished Spring Data repository scanning in 35 ms. Found 3 JPA repository interfaces.
2025-04-01 14:36:03.543  INFO 9648 --- [main] o.s.b.w.embedded.tomcat.TomcatWebServer  : Tomcat initialized with port(s): 23335 (http)
2025-04-01 14:36:03.550  INFO 9648 --- [main] o.apache.catalina.core.StandardService   : Starting service [Tomcat]
2025-04-01 14:36:03.550  INFO 9648 --- [main] org.apache.catalina.core.StandardEngine  : Starting Servlet engine: [Apache Tomcat/9.0.68]
2025-04-01 14:36:03.645  INFO 9648 --- [main] o.a.c.c.C.[Tomcat].[localhost].[/]       : Initializing Spring embedded WebApplicationContext
2025-04-01 14:36:03.645  INFO 9648 --- [main] w.s.c.ServletWebServerApplicationContext : Root WebApplicationContext: initialization completed in 1017 ms
2025-04-01 14:36:03.792  INFO 9648 --- [main] o.hibernate.jpa.internal.util.LogHelper  : HHH000204: Processing PersistenceUnitInfo [name: default]
2025-04-01 14:36:03.837  INFO 9648 --- [main] org.hibernate.Version                    : HHH000412: Hibernate ORM core version 5.6.12.Final
2025-04-01 14:36:03.992  INFO 9648 --- [main] o.hibernate.annotations.common.Version   : HCANN000001: Hibernate Commons Annotations {5.1.2.Final}
2025-04-01 14:36:04.074  INFO 9648 --- [main] com.zaxxer.hikari.HikariDataSource       : HikariPool-1 - Starting...
2025-04-01 14:36:04.465  INFO 9648 --- [main] com.zaxxer.hikari.HikariDataSource       : HikariPool-1 - Start completed.
2025-04-01 14:36:04.478  INFO 9648 --- [main] org.hibernate.dialect.Dialect            : HHH000400: Using dialect: org.hibernate.dialect.MySQL8Dialect
2025-04-01 14:36:06.276  INFO 9648 --- [main] o.h.e.t.j.p.i.JtaPlatformInitiator       : HHH000490: Using JtaPlatform implementation: [org.hibernate.engine.transaction.jta.platform.internal.NoJtaPlatform]
2025-04-01 14:36:06.286  INFO 9648 --- [main] j.LocalContainerEntityManagerFactoryBean : Initialized JPA EntityManagerFactory for persistence unit 'default'
2025-04-01 14:36:07.085  INFO 9648 --- [main] c.e.print.service.OrderSyncService       : 初始化订单同步服务，上次同步的订单ID: 0
2025-04-01 14:36:07.127  INFO 9648 --- [main] c.example.print.config.WebSocketConfig   : STOMP端点'/print-ws'已注册
2025-04-01 14:36:07.250  WARN 9648 --- [main] JpaBaseConfiguration$JpaWebConfiguration : spring.jpa.open-in-view is enabled by default. Therefore, database queries may be performed during view rendering. Explicitly configure spring.jpa.open-in-view to disable this warning
2025-04-01 14:36:08.049  INFO 9648 --- [main] o.s.b.w.embedded.tomcat.TomcatWebServer  : Tomcat started on port(s): 23335 (http) with context path ''
2025-04-01 14:36:08.053  INFO 9648 --- [main] o.s.m.s.b.SimpleBrokerMessageHandler     : Starting...
2025-04-01 14:36:08.053  INFO 9648 --- [main] o.s.m.s.b.SimpleBrokerMessageHandler     : BrokerAvailabilityEvent[available=true, SimpleBrokerMessageHandler [org.springframework.messaging.simp.broker.DefaultSubscriptionRegistry@4113d9ab]]
2025-04-01 14:36:08.053  INFO 9648 --- [main] o.s.m.s.b.SimpleBrokerMessageHandler     : Started.
2025-04-01 14:36:08.216  INFO 9648 --- [main] c.example.print.PrintServerApplication   : Started PrintServerApplication in 5.961 seconds (JVM running for 7.33)
2025-04-01 14:36:08.231  INFO 9648 --- [MessageBroker-2] c.e.print.service.PrintTaskService       : 开始检查卡住的任务
2025-04-01 14:36:14.069  INFO 9648 --- [MessageBroker-3] c.e.print.service.OrderSyncService       : 开始同步已付款订单，从ID: 0 开始
2025-04-01 14:36:33.066  INFO 9648 --- [MessageBroker-2] c.e.print.service.PrintTaskService       : 发现 25 个卡住的任务
2025-04-01 14:37:09.341  INFO 9648 --- [MessageBroker-4] o.s.w.s.c.WebSocketMessageBrokerStats    : WebSocketSession[0 current WS(0)-HttpStream(0)-HttpPoll(0), 0 total, 0 closed abnormally (0 connect failure, 0 send limit, 0 transport error)], stompSubProtocol[processed CONNECT(0)-CONNECTED(0)-DISCONNECT(0)], stompBrokerRelay[null], inboundChannel[pool size = 0, active threads = 0, queued tasks = 0, completed tasks = 0], outboundChannel[pool size = 0, active threads = 0, queued tasks = 0, completed tasks = 0], sockJsScheduler[pool size = 6, active threads = 4, queued tasks = 1, completed tasks = 1]
2025-04-01 14:37:09.341  INFO 9648 --- [MessageBroker-3] c.e.print.service.OrderSyncService       : 发现 50 个新的已付款订单
2025-04-01 14:37:25.667  INFO 9648 --- [MessageBroker-3] c.e.print.service.OrderSyncService       : 订单 538 已存在打印任务，跳过
2025-04-01 14:37:40.387  WARN 9648 --- [HikariPool-1 housekeeper] com.zaxxer.hikari.pool.HikariPool        : HikariPool-1 - Thread starvation or clock leap detected (housekeeper delta=1m834ms589µs100ns).
2025-04-01 14:37:49.015  INFO 9648 --- [http-nio-23335-exec-2] o.a.c.c.C.[Tomcat].[localhost].[/]       : Initializing Spring DispatcherServlet 'dispatcherServlet'
2025-04-01 14:37:49.016  INFO 9648 --- [http-nio-23335-exec-2] o.s.web.servlet.DispatcherServlet        : Initializing Servlet 'dispatcherServlet'
2025-04-01 14:37:49.017  INFO 9648 --- [http-nio-23335-exec-2] o.s.web.servlet.DispatcherServlet        : Completed initialization in 1 ms
2025-04-01 14:37:49.022  INFO 9648 --- [MessageBroker-3] c.e.print.service.OrderSyncService       : 订单 539 已存在打印任务，跳过
2025-04-01 14:37:49.033  INFO 9648 --- [MessageBroker-3] c.e.print.service.OrderSyncService       : 订单 540 已存在打印任务，跳过
2025-04-01 14:37:49.045  INFO 9648 --- [MessageBroker-3] c.e.print.service.OrderSyncService       : 订单 541 已存在打印任务，跳过
2025-04-01 14:37:49.057  INFO 9648 --- [MessageBroker-3] c.e.print.service.OrderSyncService       : 订单 542 已存在打印任务，跳过
2025-04-01 14:37:49.064  INFO 9648 --- [http-nio-23335-exec-4] e.p.c.StoreWebSocketHandshakeInterceptor : WebSocket连接请求，原始查询参数: null
2025-04-01 14:37:49.065  WARN 9648 --- [http-nio-23335-exec-4] e.p.c.StoreWebSocketHandshakeInterceptor : WebSocket连接没有提供storeId参数
2025-04-01 14:37:49.069  INFO 9648 --- [MessageBroker-3] c.e.print.service.OrderSyncService       : 订单 543 已存在打印任务，跳过
2025-04-01 14:37:49.080  INFO 9648 --- [http-nio-23335-exec-1] c.e.p.controller.PrintTaskController     : 原始请求参数 - storeId: null, merchantId: null
2025-04-01 14:37:49.080  WARN 9648 --- [http-nio-23335-exec-1] c.e.p.controller.PrintTaskController     : 请求未提供有效的storeId或merchantId，返回空列表
2025-04-01 14:37:49.082  INFO 9648 --- [MessageBroker-3] c.e.print.service.OrderSyncService       : 订单 544 已存在打印任务，跳过
2025-04-01 14:37:49.094  INFO 9648 --- [MessageBroker-3] c.e.print.service.OrderSyncService       : 订单 545 已存在打印任务，跳过
2025-04-01 14:37:49.106  INFO 9648 --- [MessageBroker-3] c.e.print.service.OrderSyncService       : 订单 546 已存在打印任务，跳过
2025-04-01 14:37:49.119  INFO 9648 --- [MessageBroker-3] c.e.print.service.OrderSyncService       : 订单 547 已存在打印任务，跳过
2025-04-01 14:37:49.131  INFO 9648 --- [MessageBroker-3] c.e.print.service.OrderSyncService       : 订单 548 已存在打印任务，跳过
2025-04-01 14:37:49.144  INFO 9648 --- [MessageBroker-3] c.e.print.service.OrderSyncService       : 订单 550 已存在打印任务，跳过
2025-04-01 14:37:49.156  INFO 9648 --- [MessageBroker-3] c.e.print.service.OrderSyncService       : 订单 556 已存在打印任务，跳过
2025-04-01 14:37:49.168  INFO 9648 --- [MessageBroker-3] c.e.print.service.OrderSyncService       : 订单 557 已存在打印任务，跳过
2025-04-01 14:37:49.180  INFO 9648 --- [MessageBroker-3] c.e.print.service.OrderSyncService       : 订单 558 已存在打印任务，跳过
2025-04-01 14:37:49.192  INFO 9648 --- [MessageBroker-3] c.e.print.service.OrderSyncService       : 订单 559 已存在打印任务，跳过
2025-04-01 14:37:49.205  INFO 9648 --- [MessageBroker-3] c.e.print.service.OrderSyncService       : 订单 560 已存在打印任务，跳过
2025-04-01 14:37:49.217  INFO 9648 --- [MessageBroker-3] c.e.print.service.OrderSyncService       : 订单 561 已存在打印任务，跳过
2025-04-01 14:37:49.230  INFO 9648 --- [MessageBroker-3] c.e.print.service.OrderSyncService       : 订单 562 已存在打印任务，跳过
2025-04-01 14:37:49.242  INFO 9648 --- [MessageBroker-3] c.e.print.service.OrderSyncService       : 订单 563 已存在打印任务，跳过
2025-04-01 14:37:49.254  INFO 9648 --- [MessageBroker-3] c.e.print.service.OrderSyncService       : 订单 564 已存在打印任务，跳过
2025-04-01 14:37:49.266  INFO 9648 --- [MessageBroker-3] c.e.print.service.OrderSyncService       : 订单 565 已存在打印任务，跳过
2025-04-01 14:37:49.278  INFO 9648 --- [MessageBroker-3] c.e.print.service.OrderSyncService       : 订单 566 已存在打印任务，跳过
2025-04-01 14:37:49.291  INFO 9648 --- [MessageBroker-3] c.e.print.service.OrderSyncService       : 订单 567 已存在打印任务，跳过
2025-04-01 14:37:49.303  INFO 9648 --- [MessageBroker-3] c.e.print.service.OrderSyncService       : 订单 568 已存在打印任务，跳过
2025-04-01 14:37:49.314  INFO 9648 --- [MessageBroker-3] c.e.print.service.OrderSyncService       : 订单 569 已存在打印任务，跳过
2025-04-01 14:37:49.327  INFO 9648 --- [MessageBroker-3] c.e.print.service.OrderSyncService       : 订单 571 已存在打印任务，跳过
2025-04-01 14:37:49.339  INFO 9648 --- [MessageBroker-3] c.e.print.service.OrderSyncService       : 订单 572 已存在打印任务，跳过
2025-04-01 14:37:49.351  INFO 9648 --- [MessageBroker-3] c.e.print.service.OrderSyncService       : 订单 573 已存在打印任务，跳过
2025-04-01 14:37:49.363  INFO 9648 --- [MessageBroker-3] c.e.print.service.OrderSyncService       : 订单 574 已存在打印任务，跳过
2025-04-01 14:37:49.376  INFO 9648 --- [MessageBroker-3] c.e.print.service.OrderSyncService       : 订单 575 已存在打印任务，跳过
2025-04-01 14:37:49.388  INFO 9648 --- [MessageBroker-3] c.e.print.service.OrderSyncService       : 订单 576 已存在打印任务，跳过
2025-04-01 14:37:49.400  INFO 9648 --- [MessageBroker-3] c.e.print.service.OrderSyncService       : 订单 577 已存在打印任务，跳过
2025-04-01 14:37:49.411  INFO 9648 --- [MessageBroker-3] c.e.print.service.OrderSyncService       : 订单 578 已存在打印任务，跳过
2025-04-01 14:37:49.423  INFO 9648 --- [MessageBroker-3] c.e.print.service.OrderSyncService       : 订单 579 已存在打印任务，跳过
2025-04-01 14:37:49.435  INFO 9648 --- [MessageBroker-3] c.e.print.service.OrderSyncService       : 订单 580 已存在打印任务，跳过
2025-04-01 14:37:49.447  INFO 9648 --- [MessageBroker-3] c.e.print.service.OrderSyncService       : 订单 581 已存在打印任务，跳过
2025-04-01 14:37:49.459  INFO 9648 --- [http-nio-23335-exec-6] c.e.p.controller.PrintTaskController     : 原始请求参数 - storeId: null, merchantId: null
2025-04-01 14:37:49.459  WARN 9648 --- [http-nio-23335-exec-6] c.e.p.controller.PrintTaskController     : 请求未提供有效的storeId或merchantId，返回空列表
2025-04-01 14:37:49.459  INFO 9648 --- [MessageBroker-3] c.e.print.service.OrderSyncService       : 订单 582 已存在打印任务，跳过
2025-04-01 14:37:49.471  INFO 9648 --- [MessageBroker-3] c.e.print.service.OrderSyncService       : 订单 583 已存在打印任务，跳过
2025-04-01 14:37:49.483  INFO 9648 --- [MessageBroker-3] c.e.print.service.OrderSyncService       : 订单 584 已存在打印任务，跳过
2025-04-01 14:37:49.495  INFO 9648 --- [MessageBroker-3] c.e.print.service.OrderSyncService       : 订单 586 已存在打印任务，跳过
2025-04-01 14:37:49.506  INFO 9648 --- [MessageBroker-3] c.e.print.service.OrderSyncService       : 订单 587 已存在打印任务，跳过
2025-04-01 14:37:49.518  INFO 9648 --- [MessageBroker-3] c.e.print.service.OrderSyncService       : 订单 588 已存在打印任务，跳过
2025-04-01 14:37:49.529  INFO 9648 --- [MessageBroker-3] c.e.print.service.OrderSyncService       : 订单 590 已存在打印任务，跳过
2025-04-01 14:37:49.541  INFO 9648 --- [MessageBroker-3] c.e.print.service.OrderSyncService       : 订单 591 已存在打印任务，跳过
2025-04-01 14:37:49.553  INFO 9648 --- [MessageBroker-3] c.e.print.service.OrderSyncService       : 订单 592 已存在打印任务，跳过
2025-04-01 14:37:49.566  INFO 9648 --- [MessageBroker-3] c.e.print.service.OrderSyncService       : 订单 593 已存在打印任务，跳过
2025-04-01 14:37:49.579  INFO 9648 --- [MessageBroker-3] c.e.print.service.OrderSyncService       : 订单 595 已存在打印任务，跳过
2025-04-01 14:37:49.593  INFO 9648 --- [MessageBroker-3] c.e.print.service.OrderSyncService       : 订单 596 已存在打印任务，跳过
2025-04-01 14:37:49.606  INFO 9648 --- [MessageBroker-3] c.e.print.service.OrderSyncService       : 订单 597 已存在打印任务，跳过
2025-04-01 14:37:55.300  INFO 9648 --- [MessageBroker-3] c.e.print.service.OrderSyncService       : 订单同步完成，最后同步的订单ID更新为: 597
2025-04-01 14:38:22.558  INFO 9648 --- [http-nio-23335-exec-3] c.e.p.controller.PrintTaskController     : 原始请求参数 - storeId: null, merchantId: null
2025-04-01 14:38:22.558  WARN 9648 --- [http-nio-23335-exec-3] c.e.p.controller.PrintTaskController     : 请求未提供有效的storeId或merchantId，返回空列表
2025-04-01 14:38:22.577  INFO 9648 --- [http-nio-23335-exec-9] c.e.print.controller.UserController      : 收到登录请求: username=19999999999
2025-04-01 14:38:22.577  INFO 9648 --- [http-nio-23335-exec-7] c.e.print.controller.UserController      : 收到登录请求: username=19999999999
2025-04-01 14:38:23.120  INFO 9648 --- [MessageBroker-3] c.e.print.service.OrderSyncService       : 开始同步已付款订单，从ID: 597 开始
2025-04-01 14:38:23.133  INFO 9648 --- [http-nio-23335-exec-7] c.e.print.controller.UserController      : 登录成功: userId=1
2025-04-01 14:38:23.133  INFO 9648 --- [http-nio-23335-exec-9] c.e.print.controller.UserController      : 登录成功: userId=1
2025-04-01 14:38:23.148  INFO 9648 --- [MessageBroker-3] c.e.print.service.OrderSyncService       : 发现 26 个新的已付款订单
2025-04-01 14:38:23.160  INFO 9648 --- [http-nio-23335-exec-4] e.p.c.StoreWebSocketHandshakeInterceptor : WebSocket连接请求，原始查询参数: null
2025-04-01 14:38:23.160  WARN 9648 --- [http-nio-23335-exec-4] e.p.c.StoreWebSocketHandshakeInterceptor : WebSocket连接没有提供storeId参数
2025-04-01 14:38:23.162  INFO 9648 --- [MessageBroker-3] c.e.print.service.OrderSyncService       : 订单 598 已存在打印任务，跳过
2025-04-01 14:38:23.164  INFO 9648 --- [http-nio-23335-exec-6] e.p.c.StoreWebSocketHandshakeInterceptor : WebSocket连接请求，原始查询参数: null
2025-04-01 14:38:23.164  WARN 9648 --- [http-nio-23335-exec-6] e.p.c.StoreWebSocketHandshakeInterceptor : WebSocket连接没有提供storeId参数
2025-04-01 14:38:23.170  INFO 9648 --- [http-nio-23335-exec-4] c.e.p.controller.PrintTaskController     : 原始请求参数 - storeId: 1, merchantId: null
2025-04-01 14:38:23.170  INFO 9648 --- [http-nio-23335-exec-5] c.e.p.controller.PrintTaskController     : 原始请求参数 - storeId: 1, merchantId: null
2025-04-01 14:38:23.170  INFO 9648 --- [http-nio-23335-exec-5] c.e.p.controller.PrintTaskController     : 成功转换storeId: 1 -> 1
2025-04-01 14:38:23.170  INFO 9648 --- [http-nio-23335-exec-4] c.e.p.controller.PrintTaskController     : 成功转换storeId: 1 -> 1
2025-04-01 14:38:23.174  INFO 9648 --- [MessageBroker-3] c.e.print.service.OrderSyncService       : 订单 599 已存在打印任务，跳过
2025-04-01 14:38:23.185  INFO 9648 --- [http-nio-23335-exec-5] c.e.p.controller.PrintTaskController     : 基于店铺ID(1)过滤，获取到0个待处理任务
2025-04-01 14:38:23.186  INFO 9648 --- [http-nio-23335-exec-4] c.e.p.controller.PrintTaskController     : 基于店铺ID(1)过滤，获取到0个待处理任务
2025-04-01 14:38:23.186  INFO 9648 --- [MessageBroker-3] c.e.print.service.OrderSyncService       : 订单 600 已存在打印任务，跳过
2025-04-01 14:38:23.199  INFO 9648 --- [MessageBroker-3] c.e.print.service.OrderSyncService       : 订单 601 已存在打印任务，跳过
2025-04-01 14:38:23.211  INFO 9648 --- [MessageBroker-3] c.e.print.service.OrderSyncService       : 订单 602 已存在打印任务，跳过
2025-04-01 14:38:23.223  INFO 9648 --- [MessageBroker-3] c.e.print.service.OrderSyncService       : 订单 604 已存在打印任务，跳过
2025-04-01 14:38:23.234  INFO 9648 --- [MessageBroker-3] c.e.print.service.OrderSyncService       : 订单 605 已存在打印任务，跳过
2025-04-01 14:38:23.248  INFO 9648 --- [MessageBroker-3] c.e.print.service.OrderSyncService       : 订单 606 已存在打印任务，跳过
2025-04-01 14:38:23.260  INFO 9648 --- [MessageBroker-3] c.e.print.service.OrderSyncService       : 订单 607 已存在打印任务，跳过
2025-04-01 14:38:23.272  INFO 9648 --- [MessageBroker-3] c.e.print.service.OrderSyncService       : 订单 608 已存在打印任务，跳过
2025-04-01 14:38:23.284  INFO 9648 --- [MessageBroker-3] c.e.print.service.OrderSyncService       : 订单 609 已存在打印任务，跳过
2025-04-01 14:38:23.295  INFO 9648 --- [MessageBroker-3] c.e.print.service.OrderSyncService       : 订单 610 已存在打印任务，跳过
2025-04-01 14:38:23.307  INFO 9648 --- [MessageBroker-3] c.e.print.service.OrderSyncService       : 订单 611 已存在打印任务，跳过
2025-04-01 14:38:23.320  INFO 9648 --- [MessageBroker-3] c.e.print.service.OrderSyncService       : 订单 612 已存在打印任务，跳过
2025-04-01 14:38:23.333  INFO 9648 --- [MessageBroker-3] c.e.print.service.OrderSyncService       : 订单 613 已存在打印任务，跳过
2025-04-01 14:38:23.345  INFO 9648 --- [MessageBroker-3] c.e.print.service.OrderSyncService       : 订单 614 已存在打印任务，跳过
2025-04-01 14:38:23.358  INFO 9648 --- [MessageBroker-3] c.e.print.service.OrderSyncService       : 订单 615 已存在打印任务，跳过
2025-04-01 14:38:23.370  INFO 9648 --- [MessageBroker-3] c.e.print.service.OrderSyncService       : 订单 616 已存在打印任务，跳过
2025-04-01 14:38:23.383  INFO 9648 --- [MessageBroker-3] c.e.print.service.OrderSyncService       : 订单 617 已存在打印任务，跳过
2025-04-01 14:38:23.396  INFO 9648 --- [MessageBroker-3] c.e.print.service.OrderSyncService       : 订单 618 已存在打印任务，跳过
2025-04-01 14:38:23.409  INFO 9648 --- [MessageBroker-3] c.e.print.service.OrderSyncService       : 订单 619 已存在打印任务，跳过
2025-04-01 14:38:23.421  INFO 9648 --- [MessageBroker-3] c.e.print.service.OrderSyncService       : 订单 620 已存在打印任务，跳过
2025-04-01 14:38:23.434  INFO 9648 --- [MessageBroker-3] c.e.print.service.OrderSyncService       : 订单 621 已存在打印任务，跳过
2025-04-01 14:38:23.474 ERROR 9648 --- [MessageBroker-3] c.e.print.service.OrderSyncService       : 处理订单 622 失败

java.lang.ClassCastException: java.lang.Boolean cannot be cast to java.lang.Number
	at com.example.print.service.OrderSyncService.generatePrintContent(OrderSyncService.java:141) ~[classes/:na]
	at com.example.print.service.OrderSyncService.createPrintTask(OrderSyncService.java:111) ~[classes/:na]
	at com.example.print.service.OrderSyncService.syncPaidOrders(OrderSyncService.java:82) ~[classes/:na]
	at com.example.print.service.OrderSyncService$$FastClassBySpringCGLIB$$1e4a4fd7.invoke(<generated>) [classes/:na]
	at org.springframework.cglib.proxy.MethodProxy.invoke(MethodProxy.java:218) [spring-core-5.3.23.jar:5.3.23]
	at org.springframework.aop.framework.CglibAopProxy$CglibMethodInvocation.invokeJoinpoint(CglibAopProxy.java:793) [spring-aop-5.3.23.jar:5.3.23]
	at org.springframework.aop.framework.ReflectiveMethodInvocation.proceed(ReflectiveMethodInvocation.java:163) [spring-aop-5.3.23.jar:5.3.23]
	at org.springframework.aop.framework.CglibAopProxy$CglibMethodInvocation.proceed(CglibAopProxy.java:763) [spring-aop-5.3.23.jar:5.3.23]
	at org.springframework.transaction.interceptor.TransactionInterceptor$1.proceedWithInvocation(TransactionInterceptor.java:123) [spring-tx-5.3.23.jar:5.3.23]
	at org.springframework.transaction.interceptor.TransactionAspectSupport.invokeWithinTransaction(TransactionAspectSupport.java:388) [spring-tx-5.3.23.jar:5.3.23]
	at org.springframework.transaction.interceptor.TransactionInterceptor.invoke(TransactionInterceptor.java:119) [spring-tx-5.3.23.jar:5.3.23]
	at org.springframework.aop.framework.ReflectiveMethodInvocation.proceed(ReflectiveMethodInvocation.java:186) [spring-aop-5.3.23.jar:5.3.23]
	at org.springframework.aop.framework.CglibAopProxy$CglibMethodInvocation.proceed(CglibAopProxy.java:763) [spring-aop-5.3.23.jar:5.3.23]
	at org.springframework.aop.framework.CglibAopProxy$DynamicAdvisedInterceptor.intercept(CglibAopProxy.java:708) [spring-aop-5.3.23.jar:5.3.23]
	at com.example.print.service.OrderSyncService$$EnhancerBySpringCGLIB$$862d7d7f.syncPaidOrders(<generated>) [classes/:na]
	at sun.reflect.NativeMethodAccessorImpl.invoke0(Native Method) ~[na:1.8.0_202]
	at sun.reflect.NativeMethodAccessorImpl.invoke(NativeMethodAccessorImpl.java:62) ~[na:1.8.0_202]
	at sun.reflect.DelegatingMethodAccessorImpl.invoke(DelegatingMethodAccessorImpl.java:43) ~[na:1.8.0_202]
	at java.lang.reflect.Method.invoke(Method.java:498) ~[na:1.8.0_202]
	at org.springframework.scheduling.support.ScheduledMethodRunnable.run(ScheduledMethodRunnable.java:84) [spring-context-5.3.23.jar:5.3.23]
	at org.springframework.scheduling.support.DelegatingErrorHandlingRunnable.run(DelegatingErrorHandlingRunnable.java:54) [spring-context-5.3.23.jar:5.3.23]
	at java.util.concurrent.Executors$RunnableAdapter.call(Executors.java:511) [na:1.8.0_202]
	at java.util.concurrent.FutureTask.runAndReset$$$capture(FutureTask.java:308) [na:1.8.0_202]
	at java.util.concurrent.FutureTask.runAndReset(FutureTask.java) [na:1.8.0_202]
	at java.util.concurrent.ScheduledThreadPoolExecutor$ScheduledFutureTask.access$301(ScheduledThreadPoolExecutor.java:180) [na:1.8.0_202]
	at java.util.concurrent.ScheduledThreadPoolExecutor$ScheduledFutureTask.run(ScheduledThreadPoolExecutor.java:294) [na:1.8.0_202]
	at java.util.concurrent.ThreadPoolExecutor.runWorker(ThreadPoolExecutor.java:1149) [na:1.8.0_202]
	at java.util.concurrent.ThreadPoolExecutor$Worker.run(ThreadPoolExecutor.java:624) [na:1.8.0_202]
	at java.lang.Thread.run(Thread.java:748) [na:1.8.0_202]

2025-04-01 14:38:23.509 ERROR 9648 --- [MessageBroker-3] c.e.print.service.OrderSyncService       : 处理订单 623 失败

java.lang.ClassCastException: java.lang.Boolean cannot be cast to java.lang.Number
	at com.example.print.service.OrderSyncService.generatePrintContent(OrderSyncService.java:141) ~[classes/:na]
	at com.example.print.service.OrderSyncService.createPrintTask(OrderSyncService.java:111) ~[classes/:na]
	at com.example.print.service.OrderSyncService.syncPaidOrders(OrderSyncService.java:82) ~[classes/:na]
	at com.example.print.service.OrderSyncService$$FastClassBySpringCGLIB$$1e4a4fd7.invoke(<generated>) [classes/:na]
	at org.springframework.cglib.proxy.MethodProxy.invoke(MethodProxy.java:218) [spring-core-5.3.23.jar:5.3.23]
	at org.springframework.aop.framework.CglibAopProxy$CglibMethodInvocation.invokeJoinpoint(CglibAopProxy.java:793) [spring-aop-5.3.23.jar:5.3.23]
	at org.springframework.aop.framework.ReflectiveMethodInvocation.proceed(ReflectiveMethodInvocation.java:163) [spring-aop-5.3.23.jar:5.3.23]
	at org.springframework.aop.framework.CglibAopProxy$CglibMethodInvocation.proceed(CglibAopProxy.java:763) [spring-aop-5.3.23.jar:5.3.23]
	at org.springframework.transaction.interceptor.TransactionInterceptor$1.proceedWithInvocation(TransactionInterceptor.java:123) [spring-tx-5.3.23.jar:5.3.23]
	at org.springframework.transaction.interceptor.TransactionAspectSupport.invokeWithinTransaction(TransactionAspectSupport.java:388) [spring-tx-5.3.23.jar:5.3.23]
	at org.springframework.transaction.interceptor.TransactionInterceptor.invoke(TransactionInterceptor.java:119) [spring-tx-5.3.23.jar:5.3.23]
	at org.springframework.aop.framework.ReflectiveMethodInvocation.proceed(ReflectiveMethodInvocation.java:186) [spring-aop-5.3.23.jar:5.3.23]
	at org.springframework.aop.framework.CglibAopProxy$CglibMethodInvocation.proceed(CglibAopProxy.java:763) [spring-aop-5.3.23.jar:5.3.23]
	at org.springframework.aop.framework.CglibAopProxy$DynamicAdvisedInterceptor.intercept(CglibAopProxy.java:708) [spring-aop-5.3.23.jar:5.3.23]
	at com.example.print.service.OrderSyncService$$EnhancerBySpringCGLIB$$862d7d7f.syncPaidOrders(<generated>) [classes/:na]
	at sun.reflect.NativeMethodAccessorImpl.invoke0(Native Method) ~[na:1.8.0_202]
	at sun.reflect.NativeMethodAccessorImpl.invoke(NativeMethodAccessorImpl.java:62) ~[na:1.8.0_202]
	at sun.reflect.DelegatingMethodAccessorImpl.invoke(DelegatingMethodAccessorImpl.java:43) ~[na:1.8.0_202]
	at java.lang.reflect.Method.invoke(Method.java:498) ~[na:1.8.0_202]
	at org.springframework.scheduling.support.ScheduledMethodRunnable.run(ScheduledMethodRunnable.java:84) [spring-context-5.3.23.jar:5.3.23]
	at org.springframework.scheduling.support.DelegatingErrorHandlingRunnable.run(DelegatingErrorHandlingRunnable.java:54) [spring-context-5.3.23.jar:5.3.23]
	at java.util.concurrent.Executors$RunnableAdapter.call(Executors.java:511) [na:1.8.0_202]
	at java.util.concurrent.FutureTask.runAndReset$$$capture(FutureTask.java:308) [na:1.8.0_202]
	at java.util.concurrent.FutureTask.runAndReset(FutureTask.java) [na:1.8.0_202]
	at java.util.concurrent.ScheduledThreadPoolExecutor$ScheduledFutureTask.access$301(ScheduledThreadPoolExecutor.java:180) [na:1.8.0_202]
	at java.util.concurrent.ScheduledThreadPoolExecutor$ScheduledFutureTask.run(ScheduledThreadPoolExecutor.java:294) [na:1.8.0_202]
	at java.util.concurrent.ThreadPoolExecutor.runWorker(ThreadPoolExecutor.java:1149) [na:1.8.0_202]
	at java.util.concurrent.ThreadPoolExecutor$Worker.run(ThreadPoolExecutor.java:624) [na:1.8.0_202]
	at java.lang.Thread.run(Thread.java:748) [na:1.8.0_202]

2025-04-01 14:38:23.546 ERROR 9648 --- [MessageBroker-3] c.e.print.service.OrderSyncService       : 处理订单 624 失败

java.lang.ClassCastException: java.lang.Boolean cannot be cast to java.lang.Number
	at com.example.print.service.OrderSyncService.generatePrintContent(OrderSyncService.java:141) ~[classes/:na]
	at com.example.print.service.OrderSyncService.createPrintTask(OrderSyncService.java:111) ~[classes/:na]
	at com.example.print.service.OrderSyncService.syncPaidOrders(OrderSyncService.java:82) ~[classes/:na]
	at com.example.print.service.OrderSyncService$$FastClassBySpringCGLIB$$1e4a4fd7.invoke(<generated>) [classes/:na]
	at org.springframework.cglib.proxy.MethodProxy.invoke(MethodProxy.java:218) [spring-core-5.3.23.jar:5.3.23]
	at org.springframework.aop.framework.CglibAopProxy$CglibMethodInvocation.invokeJoinpoint(CglibAopProxy.java:793) [spring-aop-5.3.23.jar:5.3.23]
	at org.springframework.aop.framework.ReflectiveMethodInvocation.proceed(ReflectiveMethodInvocation.java:163) [spring-aop-5.3.23.jar:5.3.23]
	at org.springframework.aop.framework.CglibAopProxy$CglibMethodInvocation.proceed(CglibAopProxy.java:763) [spring-aop-5.3.23.jar:5.3.23]
	at org.springframework.transaction.interceptor.TransactionInterceptor$1.proceedWithInvocation(TransactionInterceptor.java:123) [spring-tx-5.3.23.jar:5.3.23]
	at org.springframework.transaction.interceptor.TransactionAspectSupport.invokeWithinTransaction(TransactionAspectSupport.java:388) [spring-tx-5.3.23.jar:5.3.23]
	at org.springframework.transaction.interceptor.TransactionInterceptor.invoke(TransactionInterceptor.java:119) [spring-tx-5.3.23.jar:5.3.23]
	at org.springframework.aop.framework.ReflectiveMethodInvocation.proceed(ReflectiveMethodInvocation.java:186) [spring-aop-5.3.23.jar:5.3.23]
	at org.springframework.aop.framework.CglibAopProxy$CglibMethodInvocation.proceed(CglibAopProxy.java:763) [spring-aop-5.3.23.jar:5.3.23]
	at org.springframework.aop.framework.CglibAopProxy$DynamicAdvisedInterceptor.intercept(CglibAopProxy.java:708) [spring-aop-5.3.23.jar:5.3.23]
	at com.example.print.service.OrderSyncService$$EnhancerBySpringCGLIB$$862d7d7f.syncPaidOrders(<generated>) [classes/:na]
	at sun.reflect.NativeMethodAccessorImpl.invoke0(Native Method) ~[na:1.8.0_202]
	at sun.reflect.NativeMethodAccessorImpl.invoke(NativeMethodAccessorImpl.java:62) ~[na:1.8.0_202]
	at sun.reflect.DelegatingMethodAccessorImpl.invoke(DelegatingMethodAccessorImpl.java:43) ~[na:1.8.0_202]
	at java.lang.reflect.Method.invoke(Method.java:498) ~[na:1.8.0_202]
	at org.springframework.scheduling.support.ScheduledMethodRunnable.run(ScheduledMethodRunnable.java:84) [spring-context-5.3.23.jar:5.3.23]
	at org.springframework.scheduling.support.DelegatingErrorHandlingRunnable.run(DelegatingErrorHandlingRunnable.java:54) [spring-context-5.3.23.jar:5.3.23]
	at java.util.concurrent.Executors$RunnableAdapter.call(Executors.java:511) [na:1.8.0_202]
	at java.util.concurrent.FutureTask.runAndReset$$$capture(FutureTask.java:308) [na:1.8.0_202]
	at java.util.concurrent.FutureTask.runAndReset(FutureTask.java) [na:1.8.0_202]
	at java.util.concurrent.ScheduledThreadPoolExecutor$ScheduledFutureTask.access$301(ScheduledThreadPoolExecutor.java:180) [na:1.8.0_202]
	at java.util.concurrent.ScheduledThreadPoolExecutor$ScheduledFutureTask.run(ScheduledThreadPoolExecutor.java:294) [na:1.8.0_202]
	at java.util.concurrent.ThreadPoolExecutor.runWorker(ThreadPoolExecutor.java:1149) [na:1.8.0_202]
	at java.util.concurrent.ThreadPoolExecutor$Worker.run(ThreadPoolExecutor.java:624) [na:1.8.0_202]
	at java.lang.Thread.run(Thread.java:748) [na:1.8.0_202]

2025-04-01 14:38:24.313  INFO 9648 --- [MessageBroker-3] c.e.print.service.OrderSyncService       : 订单同步完成，最后同步的订单ID更新为: 624
2025-04-01 14:38:25.041  INFO 9648 --- [MessageBroker-3] c.e.print.service.OrderSyncService       : 开始同步已付款订单，从ID: 624 开始
2025-04-01 14:38:25.053  INFO 9648 --- [MessageBroker-3] c.e.print.service.OrderSyncService       : 没有新的已付款订单
2025-04-01 14:38:25.857  INFO 9648 --- [MessageBroker-3] c.e.print.service.OrderSyncService       : 开始同步已付款订单，从ID: 624 开始
2025-04-01 14:38:25.869  INFO 9648 --- [MessageBroker-3] c.e.print.service.OrderSyncService       : 没有新的已付款订单
2025-04-01 14:38:26.449  INFO 9648 --- [MessageBroker-3] c.e.print.service.OrderSyncService       : 开始同步已付款订单，从ID: 624 开始
2025-04-01 14:38:26.461  INFO 9648 --- [MessageBroker-3] c.e.print.service.OrderSyncService       : 没有新的已付款订单
2025-04-01 14:38:27.033  INFO 9648 --- [MessageBroker-3] c.e.print.service.OrderSyncService       : 开始同步已付款订单，从ID: 624 开始
2025-04-01 14:38:27.033  INFO 9648 --- [MessageBroker-3] c.e.print.service.OrderSyncService       : 没有新的已付款订单
2025-04-01 14:38:27.513  INFO 9648 --- [MessageBroker-3] c.e.print.service.OrderSyncService       : 开始同步已付款订单，从ID: 624 开始
2025-04-01 14:38:27.525  INFO 9648 --- [MessageBroker-3] c.e.print.service.OrderSyncService       : 没有新的已付款订单
2025-04-01 14:38:27.705  INFO 9648 --- [MessageBroker-3] c.e.print.service.OrderSyncService       : 开始同步已付款订单，从ID: 624 开始
2025-04-01 14:38:27.717  INFO 9648 --- [MessageBroker-3] c.e.print.service.OrderSyncService       : 没有新的已付款订单
2025-04-01 14:38:27.888  INFO 9648 --- [MessageBroker-3] c.e.print.service.OrderSyncService       : 开始同步已付款订单，从ID: 624 开始
2025-04-01 14:38:27.901  INFO 9648 --- [MessageBroker-3] c.e.print.service.OrderSyncService       : 没有新的已付款订单
2025-04-01 14:38:28.058  INFO 9648 --- [MessageBroker-3] c.e.print.service.OrderSyncService       : 开始同步已付款订单，从ID: 624 开始
2025-04-01 14:38:28.070  INFO 9648 --- [MessageBroker-3] c.e.print.service.OrderSyncService       : 没有新的已付款订单
2025-04-01 14:38:28.232  INFO 9648 --- [MessageBroker-3] c.e.print.service.OrderSyncService       : 开始同步已付款订单，从ID: 624 开始
2025-04-01 14:38:28.245  INFO 9648 --- [MessageBroker-3] c.e.print.service.OrderSyncService       : 没有新的已付款订单
2025-04-01 14:38:28.417  INFO 9648 --- [MessageBroker-3] c.e.print.service.OrderSyncService       : 开始同步已付款订单，从ID: 624 开始
2025-04-01 14:38:28.429  INFO 9648 --- [MessageBroker-3] c.e.print.service.OrderSyncService       : 没有新的已付款订单
2025-04-01 14:38:28.594  INFO 9648 --- [MessageBroker-3] c.e.print.service.OrderSyncService       : 开始同步已付款订单，从ID: 624 开始
2025-04-01 14:38:28.606  INFO 9648 --- [MessageBroker-3] c.e.print.service.OrderSyncService       : 没有新的已付款订单
2025-04-01 14:38:28.768  INFO 9648 --- [MessageBroker-3] c.e.print.service.OrderSyncService       : 开始同步已付款订单，从ID: 624 开始
2025-04-01 14:38:28.780  INFO 9648 --- [MessageBroker-3] c.e.print.service.OrderSyncService       : 没有新的已付款订单
2025-04-01 14:38:28.937  INFO 9648 --- [MessageBroker-5] c.e.print.service.OrderSyncService       : 开始同步已付款订单，从ID: 624 开始
2025-04-01 14:38:28.949  INFO 9648 --- [MessageBroker-5] c.e.print.service.OrderSyncService       : 没有新的已付款订单
2025-04-01 14:38:32.563  INFO 9648 --- [http-nio-23335-exec-3] c.e.p.controller.PrintTaskController     : 原始请求参数 - storeId: 1, merchantId: null
2025-04-01 14:38:32.563  INFO 9648 --- [http-nio-23335-exec-3] c.e.p.controller.PrintTaskController     : 成功转换storeId: 1 -> 1
2025-04-01 14:38:32.596  INFO 9648 --- [http-nio-23335-exec-3] c.e.p.controller.PrintTaskController     : 基于店铺ID(1)过滤，获取到0个待处理任务
2025-04-01 14:38:42.121  INFO 9648 --- [MessageBroker-6] c.e.print.service.OrderSyncService       : 开始同步已付款订单，从ID: 624 开始
2025-04-01 14:38:42.135  INFO 9648 --- [MessageBroker-6] c.e.print.service.OrderSyncService       : 没有新的已付款订单
2025-04-01 14:38:42.604  INFO 9648 --- [http-nio-23335-exec-9] c.e.p.controller.PrintTaskController     : 原始请求参数 - storeId: 1, merchantId: null
2025-04-01 14:38:42.604  INFO 9648 --- [http-nio-23335-exec-9] c.e.p.controller.PrintTaskController     : 成功转换storeId: 1 -> 1
2025-04-01 14:38:42.636  INFO 9648 --- [http-nio-23335-exec-9] c.e.p.controller.PrintTaskController     : 基于店铺ID(1)过滤，获取到0个待处理任务
2025-04-01 14:38:48.226  INFO 9648 --- [MessageBroker-7] c.e.print.service.OrderSyncService       : 开始同步已付款订单，从ID: 624 开始
2025-04-01 14:38:48.242  INFO 9648 --- [MessageBroker-7] c.e.print.service.OrderSyncService       : 没有新的已付款订单
2025-04-01 14:38:52.650  INFO 9648 --- [http-nio-23335-exec-10] c.e.p.controller.PrintTaskController     : 原始请求参数 - storeId: 1, merchantId: null
2025-04-01 14:38:52.650  INFO 9648 --- [http-nio-23335-exec-10] c.e.p.controller.PrintTaskController     : 成功转换storeId: 1 -> 1
2025-04-01 14:38:52.670  INFO 9648 --- [http-nio-23335-exec-10] c.e.p.controller.PrintTaskController     : 基于店铺ID(1)过滤，获取到0个待处理任务
2025-04-01 14:38:58.246  INFO 9648 --- [MessageBroker-4] c.e.print.service.OrderSyncService       : 开始同步已付款订单，从ID: 624 开始
2025-04-01 14:38:58.270  INFO 9648 --- [MessageBroker-4] c.e.print.service.OrderSyncService       : 没有新的已付款订单
2025-04-01 14:39:02.692  INFO 9648 --- [http-nio-23335-exec-4] c.e.p.controller.PrintTaskController     : 原始请求参数 - storeId: 1, merchantId: null
2025-04-01 14:39:02.693  INFO 9648 --- [http-nio-23335-exec-4] c.e.p.controller.PrintTaskController     : 成功转换storeId: 1 -> 1
2025-04-01 14:39:02.718  INFO 9648 --- [http-nio-23335-exec-4] c.e.p.controller.PrintTaskController     : 基于店铺ID(1)过滤，获取到0个待处理任务
2025-04-01 14:39:08.247  INFO 9648 --- [MessageBroker-8] c.e.print.service.OrderSyncService       : 开始同步已付款订单，从ID: 624 开始
2025-04-01 14:39:08.262  INFO 9648 --- [MessageBroker-8] c.e.print.service.OrderSyncService       : 没有新的已付款订单
2025-04-01 14:39:12.744  INFO 9648 --- [http-nio-23335-exec-1] c.e.p.controller.PrintTaskController     : 原始请求参数 - storeId: 1, merchantId: null
2025-04-01 14:39:12.744  INFO 9648 --- [http-nio-23335-exec-1] c.e.p.controller.PrintTaskController     : 成功转换storeId: 1 -> 1
2025-04-01 14:39:12.767  INFO 9648 --- [http-nio-23335-exec-1] c.e.p.controller.PrintTaskController     : 基于店铺ID(1)过滤，获取到0个待处理任务
2025-04-01 14:39:18.251  INFO 9648 --- [MessageBroker-5] c.e.print.service.OrderSyncService       : 开始同步已付款订单，从ID: 624 开始
2025-04-01 14:39:18.267  INFO 9648 --- [MessageBroker-5] c.e.print.service.OrderSyncService       : 发现 1 个新的已付款订单
2025-04-01 14:39:18.304 ERROR 9648 --- [MessageBroker-5] c.e.print.service.OrderSyncService       : 处理订单 625 失败

java.lang.ClassCastException: java.lang.Boolean cannot be cast to java.lang.Number
	at com.example.print.service.OrderSyncService.generatePrintContent(OrderSyncService.java:141) ~[classes/:na]
	at com.example.print.service.OrderSyncService.createPrintTask(OrderSyncService.java:111) ~[classes/:na]
	at com.example.print.service.OrderSyncService.syncPaidOrders(OrderSyncService.java:82) ~[classes/:na]
	at com.example.print.service.OrderSyncService$$FastClassBySpringCGLIB$$1e4a4fd7.invoke(<generated>) [classes/:na]
	at org.springframework.cglib.proxy.MethodProxy.invoke(MethodProxy.java:218) [spring-core-5.3.23.jar:5.3.23]
	at org.springframework.aop.framework.CglibAopProxy$CglibMethodInvocation.invokeJoinpoint(CglibAopProxy.java:793) [spring-aop-5.3.23.jar:5.3.23]
	at org.springframework.aop.framework.ReflectiveMethodInvocation.proceed(ReflectiveMethodInvocation.java:163) [spring-aop-5.3.23.jar:5.3.23]
	at org.springframework.aop.framework.CglibAopProxy$CglibMethodInvocation.proceed(CglibAopProxy.java:763) [spring-aop-5.3.23.jar:5.3.23]
	at org.springframework.transaction.interceptor.TransactionInterceptor$1.proceedWithInvocation(TransactionInterceptor.java:123) [spring-tx-5.3.23.jar:5.3.23]
	at org.springframework.transaction.interceptor.TransactionAspectSupport.invokeWithinTransaction(TransactionAspectSupport.java:388) [spring-tx-5.3.23.jar:5.3.23]
	at org.springframework.transaction.interceptor.TransactionInterceptor.invoke(TransactionInterceptor.java:119) [spring-tx-5.3.23.jar:5.3.23]
	at org.springframework.aop.framework.ReflectiveMethodInvocation.proceed(ReflectiveMethodInvocation.java:186) [spring-aop-5.3.23.jar:5.3.23]
	at org.springframework.aop.framework.CglibAopProxy$CglibMethodInvocation.proceed(CglibAopProxy.java:763) [spring-aop-5.3.23.jar:5.3.23]
	at org.springframework.aop.framework.CglibAopProxy$DynamicAdvisedInterceptor.intercept(CglibAopProxy.java:708) [spring-aop-5.3.23.jar:5.3.23]
	at com.example.print.service.OrderSyncService$$EnhancerBySpringCGLIB$$862d7d7f.syncPaidOrders(<generated>) [classes/:na]
	at sun.reflect.GeneratedMethodAccessor77.invoke(Unknown Source) ~[na:na]
	at sun.reflect.DelegatingMethodAccessorImpl.invoke(DelegatingMethodAccessorImpl.java:43) ~[na:1.8.0_202]
	at java.lang.reflect.Method.invoke(Method.java:498) ~[na:1.8.0_202]
	at org.springframework.scheduling.support.ScheduledMethodRunnable.run(ScheduledMethodRunnable.java:84) [spring-context-5.3.23.jar:5.3.23]
	at org.springframework.scheduling.support.DelegatingErrorHandlingRunnable.run(DelegatingErrorHandlingRunnable.java:54) [spring-context-5.3.23.jar:5.3.23]
	at java.util.concurrent.Executors$RunnableAdapter.call(Executors.java:511) [na:1.8.0_202]
	at java.util.concurrent.FutureTask.runAndReset$$$capture(FutureTask.java:308) [na:1.8.0_202]
	at java.util.concurrent.FutureTask.runAndReset(FutureTask.java) [na:1.8.0_202]
	at java.util.concurrent.ScheduledThreadPoolExecutor$ScheduledFutureTask.access$301(ScheduledThreadPoolExecutor.java:180) [na:1.8.0_202]
	at java.util.concurrent.ScheduledThreadPoolExecutor$ScheduledFutureTask.run(ScheduledThreadPoolExecutor.java:294) [na:1.8.0_202]
	at java.util.concurrent.ThreadPoolExecutor.runWorker(ThreadPoolExecutor.java:1149) [na:1.8.0_202]
	at java.util.concurrent.ThreadPoolExecutor$Worker.run(ThreadPoolExecutor.java:624) [na:1.8.0_202]
	at java.lang.Thread.run(Thread.java:748) [na:1.8.0_202]

2025-04-01 14:39:20.529  INFO 9648 --- [MessageBroker-5] c.e.print.service.OrderSyncService       : 订单同步完成，最后同步的订单ID更新为: 625
2025-04-01 14:39:22.772  INFO 9648 --- [http-nio-23335-exec-3] c.e.p.controller.PrintTaskController     : 原始请求参数 - storeId: 1, merchantId: null
2025-04-01 14:39:22.772  INFO 9648 --- [http-nio-23335-exec-3] c.e.p.controller.PrintTaskController     : 成功转换storeId: 1 -> 1
2025-04-01 14:39:22.787  INFO 9648 --- [http-nio-23335-exec-3] c.e.p.controller.PrintTaskController     : 基于店铺ID(1)过滤，获取到0个待处理任务
2025-04-01 14:39:28.241  INFO 9648 --- [MessageBroker-7] c.e.print.service.OrderSyncService       : 开始同步已付款订单，从ID: 625 开始
2025-04-01 14:39:28.255  INFO 9648 --- [MessageBroker-7] c.e.print.service.OrderSyncService       : 没有新的已付款订单
2025-04-01 14:39:32.815  INFO 9648 --- [http-nio-23335-exec-9] c.e.p.controller.PrintTaskController     : 原始请求参数 - storeId: 1, merchantId: null
2025-04-01 14:39:32.815  INFO 9648 --- [http-nio-23335-exec-9] c.e.p.controller.PrintTaskController     : 成功转换storeId: 1 -> 1
2025-04-01 14:39:32.836  INFO 9648 --- [http-nio-23335-exec-9] c.e.p.controller.PrintTaskController     : 基于店铺ID(1)过滤，获取到0个待处理任务
2025-04-01 14:39:38.236  INFO 9648 --- [MessageBroker-8] c.e.print.service.OrderSyncService       : 开始同步已付款订单，从ID: 625 开始
2025-04-01 14:39:38.249  INFO 9648 --- [MessageBroker-8] c.e.print.service.OrderSyncService       : 没有新的已付款订单
2025-04-01 14:39:42.850  INFO 9648 --- [http-nio-23335-exec-10] c.e.p.controller.PrintTaskController     : 原始请求参数 - storeId: 1, merchantId: null
2025-04-01 14:39:42.850  INFO 9648 --- [http-nio-23335-exec-10] c.e.p.controller.PrintTaskController     : 成功转换storeId: 1 -> 1
2025-04-01 14:39:42.876  INFO 9648 --- [http-nio-23335-exec-10] c.e.p.controller.PrintTaskController     : 基于店铺ID(1)过滤，获取到0个待处理任务
2025-04-01 14:39:48.243  INFO 9648 --- [MessageBroker-7] c.e.print.service.OrderSyncService       : 开始同步已付款订单，从ID: 625 开始
2025-04-01 14:39:48.257  INFO 9648 --- [MessageBroker-7] c.e.print.service.OrderSyncService       : 没有新的已付款订单
2025-04-01 14:39:52.891  INFO 9648 --- [http-nio-23335-exec-4] c.e.p.controller.PrintTaskController     : 原始请求参数 - storeId: 1, merchantId: null
2025-04-01 14:39:52.891  INFO 9648 --- [http-nio-23335-exec-4] c.e.p.controller.PrintTaskController     : 成功转换storeId: 1 -> 1
2025-04-01 14:39:52.915  INFO 9648 --- [http-nio-23335-exec-4] c.e.p.controller.PrintTaskController     : 基于店铺ID(1)过滤，获取到0个待处理任务
2025-04-01 14:39:58.244  INFO 9648 --- [MessageBroker-2] c.e.print.service.OrderSyncService       : 开始同步已付款订单，从ID: 625 开始
2025-04-01 14:39:58.255  INFO 9648 --- [MessageBroker-2] c.e.print.service.OrderSyncService       : 没有新的已付款订单
2025-04-01 14:40:02.935  INFO 9648 --- [http-nio-23335-exec-1] c.e.p.controller.PrintTaskController     : 原始请求参数 - storeId: 1, merchantId: null
2025-04-01 14:40:02.936  INFO 9648 --- [http-nio-23335-exec-1] c.e.p.controller.PrintTaskController     : 成功转换storeId: 1 -> 1
2025-04-01 14:40:02.958  INFO 9648 --- [http-nio-23335-exec-1] c.e.p.controller.PrintTaskController     : 基于店铺ID(1)过滤，获取到0个待处理任务
2025-04-01 14:40:08.245  INFO 9648 --- [MessageBroker-6] c.e.print.service.OrderSyncService       : 开始同步已付款订单，从ID: 625 开始
2025-04-01 14:40:08.257  INFO 9648 --- [MessageBroker-6] c.e.print.service.OrderSyncService       : 没有新的已付款订单
2025-04-01 14:40:12.974  INFO 9648 --- [http-nio-23335-exec-3] c.e.p.controller.PrintTaskController     : 原始请求参数 - storeId: 1, merchantId: null
2025-04-01 14:40:12.975  INFO 9648 --- [http-nio-23335-exec-3] c.e.p.controller.PrintTaskController     : 成功转换storeId: 1 -> 1
2025-04-01 14:40:12.998  INFO 9648 --- [http-nio-23335-exec-3] c.e.p.controller.PrintTaskController     : 基于店铺ID(1)过滤，获取到0个待处理任务
2025-04-01 14:40:18.247  INFO 9648 --- [MessageBroker-1] c.e.print.service.OrderSyncService       : 开始同步已付款订单，从ID: 625 开始
2025-04-01 14:40:18.260  INFO 9648 --- [MessageBroker-1] c.e.print.service.OrderSyncService       : 没有新的已付款订单
2025-04-01 14:40:23.009  INFO 9648 --- [http-nio-23335-exec-9] c.e.p.controller.PrintTaskController     : 原始请求参数 - storeId: 1, merchantId: null
2025-04-01 14:40:23.009  INFO 9648 --- [http-nio-23335-exec-9] c.e.p.controller.PrintTaskController     : 成功转换storeId: 1 -> 1
2025-04-01 14:40:23.033  INFO 9648 --- [http-nio-23335-exec-9] c.e.p.controller.PrintTaskController     : 基于店铺ID(1)过滤，获取到0个待处理任务
2025-04-01 14:40:28.241  INFO 9648 --- [MessageBroker-8] c.e.print.service.OrderSyncService       : 开始同步已付款订单，从ID: 625 开始
2025-04-01 14:40:28.253  INFO 9648 --- [MessageBroker-8] c.e.print.service.OrderSyncService       : 没有新的已付款订单
2025-04-01 14:40:33.051  INFO 9648 --- [http-nio-23335-exec-10] c.e.p.controller.PrintTaskController     : 原始请求参数 - storeId: 1, merchantId: null
2025-04-01 14:40:33.052  INFO 9648 --- [http-nio-23335-exec-10] c.e.p.controller.PrintTaskController     : 成功转换storeId: 1 -> 1
2025-04-01 14:40:33.064  INFO 9648 --- [http-nio-23335-exec-10] c.e.p.controller.PrintTaskController     : 基于店铺ID(1)过滤，获取到0个待处理任务
2025-04-01 14:40:38.233  INFO 9648 --- [MessageBroker-1] c.e.print.service.OrderSyncService       : 开始同步已付款订单，从ID: 625 开始
2025-04-01 14:40:38.238  INFO 9648 --- [MessageBroker-1] c.e.print.service.OrderSyncService       : 没有新的已付款订单
2025-04-01 14:40:43.081  INFO 9648 --- [http-nio-23335-exec-4] c.e.p.controller.PrintTaskController     : 原始请求参数 - storeId: 1, merchantId: null
2025-04-01 14:40:43.081  INFO 9648 --- [http-nio-23335-exec-4] c.e.p.controller.PrintTaskController     : 成功转换storeId: 1 -> 1
2025-04-01 14:40:43.106  INFO 9648 --- [http-nio-23335-exec-4] c.e.p.controller.PrintTaskController     : 基于店铺ID(1)过滤，获取到0个待处理任务
2025-04-01 14:40:48.237  INFO 9648 --- [MessageBroker-7] c.e.print.service.OrderSyncService       : 开始同步已付款订单，从ID: 625 开始
2025-04-01 14:40:48.249  INFO 9648 --- [MessageBroker-7] c.e.print.service.OrderSyncService       : 没有新的已付款订单
2025-04-01 14:40:53.118  INFO 9648 --- [http-nio-23335-exec-1] c.e.p.controller.PrintTaskController     : 原始请求参数 - storeId: 1, merchantId: null
2025-04-01 14:40:53.118  INFO 9648 --- [http-nio-23335-exec-1] c.e.p.controller.PrintTaskController     : 成功转换storeId: 1 -> 1
2025-04-01 14:40:53.142  INFO 9648 --- [http-nio-23335-exec-1] c.e.p.controller.PrintTaskController     : 基于店铺ID(1)过滤，获取到0个待处理任务
2025-04-01 14:40:58.246  INFO 9648 --- [MessageBroker-3] c.e.print.service.OrderSyncService       : 开始同步已付款订单，从ID: 625 开始
2025-04-01 14:40:58.258  INFO 9648 --- [MessageBroker-3] c.e.print.service.OrderSyncService       : 没有新的已付款订单
2025-04-01 14:41:03.163  INFO 9648 --- [http-nio-23335-exec-3] c.e.p.controller.PrintTaskController     : 原始请求参数 - storeId: 1, merchantId: null
2025-04-01 14:41:03.163  INFO 9648 --- [http-nio-23335-exec-3] c.e.p.controller.PrintTaskController     : 成功转换storeId: 1 -> 1
2025-04-01 14:41:03.186  INFO 9648 --- [http-nio-23335-exec-3] c.e.p.controller.PrintTaskController     : 基于店铺ID(1)过滤，获取到0个待处理任务
2025-04-01 14:41:08.237  INFO 9648 --- [MessageBroker-8] c.e.print.service.OrderSyncService       : 开始同步已付款订单，从ID: 625 开始
2025-04-01 14:41:08.249  INFO 9648 --- [MessageBroker-8] c.e.print.service.OrderSyncService       : 没有新的已付款订单
2025-04-01 14:41:13.190  INFO 9648 --- [http-nio-23335-exec-9] c.e.p.controller.PrintTaskController     : 原始请求参数 - storeId: 1, merchantId: null
2025-04-01 14:41:13.190  INFO 9648 --- [http-nio-23335-exec-9] c.e.p.controller.PrintTaskController     : 成功转换storeId: 1 -> 1
2025-04-01 14:41:13.219  INFO 9648 --- [http-nio-23335-exec-9] c.e.p.controller.PrintTaskController     : 基于店铺ID(1)过滤，获取到0个待处理任务
2025-04-01 14:41:18.241  INFO 9648 --- [MessageBroker-2] c.e.print.service.OrderSyncService       : 开始同步已付款订单，从ID: 625 开始
2025-04-01 14:41:18.257  INFO 9648 --- [MessageBroker-2] c.e.print.service.OrderSyncService       : 没有新的已付款订单
2025-04-01 14:41:20.661  INFO 9648 --- [SpringApplicationShutdownHook] o.s.m.s.b.SimpleBrokerMessageHandler     : Stopping...
2025-04-01 14:41:20.681  INFO 9648 --- [SpringApplicationShutdownHook] o.s.m.s.b.SimpleBrokerMessageHandler     : BrokerAvailabilityEvent[available=false, SimpleBrokerMessageHandler [org.springframework.messaging.simp.broker.DefaultSubscriptionRegistry@4113d9ab]]
2025-04-01 14:41:20.681  INFO 9648 --- [SpringApplicationShutdownHook] o.s.m.s.b.SimpleBrokerMessageHandler     : Stopped.
2025-04-01 14:41:20.737  INFO 9648 --- [SpringApplicationShutdownHook] j.LocalContainerEntityManagerFactoryBean : Closing JPA EntityManagerFactory for persistence unit 'default'
2025-04-01 14:41:20.737  INFO 9648 --- [SpringApplicationShutdownHook] com.zaxxer.hikari.HikariDataSource       : HikariPool-1 - Shutdown initiated...
2025-04-01 14:41:20.752  INFO 9648 --- [SpringApplicationShutdownHook] com.zaxxer.hikari.HikariDataSource       : HikariPool-1 - Shutdown completed.
